<?xml version="1.0" encoding="UTF-8"?>
<testsuite name="StylistTest" tests="1" skipped="0" failures="0" errors="0" timestamp="2016-02-26T16:22:06" hostname="epicodus-59.local" time="0.15">
  <properties/>
  <testcase name="all_emptyAtFirst" classname="StylistTest" time="0.15"/>
  <system-out><![CDATA[]]></system-out>
  <system-err><![CDATA[]]></system-err>
</testsuite>
