<?xml version="1.0" encoding="UTF-8"?>
<testsuite name="StylistTest" tests="2" skipped="0" failures="0" errors="0" timestamp="2016-02-26T16:25:25" hostname="epicodus-59.local" time="0.106">
  <properties/>
  <testcase name="equals_returnsTrueIfNamesAretheSame" classname="StylistTest" time="0.077"/>
  <testcase name="all_emptyAtFirst" classname="StylistTest" time="0.029"/>
  <system-out><![CDATA[]]></system-out>
  <system-err><![CDATA[]]></system-err>
</testsuite>
