<?xml version="1.0" encoding="UTF-8"?>
<testsuite name="StylistTest" tests="4" skipped="0" failures="0" errors="0" timestamp="2016-02-26T16:32:58" hostname="epicodus-59.local" time="0.047">
  <properties/>
  <testcase name="equals_returnsTrueIfNamesAretheSame" classname="StylistTest" time="0.005"/>
  <testcase name="all_emptyAtFirst" classname="StylistTest" time="0.01"/>
  <testcase name="find_findStylistInDatabase_true" classname="StylistTest" time="0.018"/>
  <testcase name="save_savesIntoDatabase_true" classname="StylistTest" time="0.014"/>
  <system-out><![CDATA[]]></system-out>
  <system-err><![CDATA[]]></system-err>
</testsuite>
