<?xml version="1.0" encoding="UTF-8"?>
<testsuite name="StylistTest" tests="3" skipped="0" failures="0" errors="0" timestamp="2016-02-26T16:27:57" hostname="epicodus-59.local" time="0.12">
  <properties/>
  <testcase name="equals_returnsTrueIfNamesAretheSame" classname="StylistTest" time="0.074"/>
  <testcase name="all_emptyAtFirst" classname="StylistTest" time="0.028"/>
  <testcase name="save_savesIntoDatabase_true" classname="StylistTest" time="0.017"/>
  <system-out><![CDATA[]]></system-out>
  <system-err><![CDATA[]]></system-err>
</testsuite>
